<?xml version="1.0" encoding="UTF-8"?>
<!-- Generated by org.testng.reporters.JUnitReportReporter -->
<testsuite hostname="DesktopLu" failures="0" tests="3" name="testNG.AccountTest" time="0.008" errors="0" timestamp="13 Aug 2022 15:20:08 GMT" skipped="0">
  <testcase classname="testNG.AccountTest" name="savingAccountTest2" time="0.000"/>
  <testcase classname="testNG.AccountTest" name="savingAccountTest1" time="0.001"/>
  <testcase classname="testNG.AccountTest" name="checkingAccountTest1" time="0.007"/>
</testsuite> <!-- testNG.AccountTest -->
