<?xml version="1.0" encoding="UTF-8"?>
<!-- Generated by org.testng.reporters.JUnitReportReporter -->
<testsuite hostname="DesktopLu" failures="0" tests="2" name="webDriverTestNG.SimpliLearnLogin" time="18.528" errors="0" timestamp="13 Aug 2022 17:05:37 GMT" skipped="0">
  <testcase classname="webDriverTestNG.SimpliLearnLogin" name="test1" time="9.496"/>
  <testcase classname="webDriverTestNG.SimpliLearnLogin" name="test2" time="9.032"/>
</testsuite> <!-- webDriverTestNG.SimpliLearnLogin -->
