<?xml version="1.0" encoding="UTF-8"?>
<!-- Generated by org.testng.reporters.JUnitReportReporter -->
<testsuite hostname="DesktopLu" failures="0" tests="1" name="webDriverTestNG.HomePageTest" time="8.718" errors="0" timestamp="13 Aug 2022 17:05:37 GMT" skipped="0">
  <testcase classname="webDriverTestNG.HomePageTest" name="test1" time="8.718"/>
</testsuite> <!-- webDriverTestNG.HomePageTest -->
