<?xml version="1.0" encoding="UTF-8"?>
<!-- Generated by org.testng.reporters.JUnitReportReporter -->
<testsuite hostname="DesktopLu" failures="0" tests="2" name="webDriverTestNG.SimpliLearnLogin" time="23.298" errors="0" timestamp="14 Aug 2022 14:57:44 GMT" skipped="0">
  <testcase classname="webDriverTestNG.SimpliLearnLogin" name="test1" time="8.154"/>
  <testcase classname="webDriverTestNG.SimpliLearnLogin" name="test2" time="15.144"/>
</testsuite> <!-- webDriverTestNG.SimpliLearnLogin -->
