<?xml version="1.0" encoding="UTF-8"?>
<!-- Generated by org.testng.reporters.JUnitReportReporter -->
<testsuite hostname="DesktopLu" failures="0" tests="1" name="webDriverTestNG.HomePageTest" time="6.393" errors="0" timestamp="14 Aug 2022 14:57:44 GMT" skipped="0">
  <testcase classname="webDriverTestNG.HomePageTest" name="test1" time="6.393"/>
</testsuite> <!-- webDriverTestNG.HomePageTest -->
